[0m[[0m[0mdebug[0m] [0m[0m> Exec(run, Some(c4ebd6fa-c1a3-4814-9f6b-b22bcf293b7a), Some(CommandSource(console0)))[0m
[0m[[0m[0mdebug[0m] [0m[0mEvaluating tasks: Compile / run[0m
[0m[[0m[0mdebug[0m] [0m[0mRunning task... Cancel: Signal, check cycles: false, forcegc: true[0m
[0m[[0m[0minfo[0m] [0m[0mcompiling 1 Scala source to C:\Users\nilsr\pgk\bank\target\scala-3.1.2\classes ...[0m
[0m[[0m[31merror[0m] [0m[0mjava.lang.IllegalArgumentException: Unknown BankEvent type: 2022 12 14 17 3 N 8601851539 Nils[0m
[0m[[0m[31merror[0m] [0m[0m	at bank.BankEvent$.fromLogFormat$$anonfun$1(BankEvent.scala:49)[0m
[0m[[0m[31merror[0m] [0m[0m	at scala.util.Try$.apply(Try.scala:210)[0m
[0m[[0m[31merror[0m] [0m[0m	at bank.BankEvent$.fromLogFormat(BankEvent.scala:50)[0m
[0m[[0m[31merror[0m] [0m[0m	at bank.Bank.loadfromFile$$anonfun$2(Bank.scala:124)[0m
[0m[[0m[31merror[0m] [0m[0m	at scala.collection.immutable.List.foreach(List.scala:333)[0m
[0m[[0m[31merror[0m] [0m[0m	at bank.Bank.loadfromFile(Bank.scala:124)[0m
[0m[[0m[31merror[0m] [0m[0m	at bank.BankApplication$.main(BankApplication.scala:9)[0m
[0m[[0m[31merror[0m] [0m[0m	at bank.BankApplication.main(BankApplication.scala)[0m
[0m[[0m[31merror[0m] [0m[0m	at sun.reflect.NativeMethodAccessorImpl.invoke0(Native Method)[0m
[0m[[0m[31merror[0m] [0m[0m	at sun.reflect.NativeMethodAccessorImpl.invoke(NativeMethodAccessorImpl.java:62)[0m
[0m[[0m[31merror[0m] [0m[0m	at sun.reflect.DelegatingMethodAccessorImpl.invoke(DelegatingMethodAccessorImpl.java:43)[0m
[0m[[0m[31merror[0m] [0m[0m	at java.lang.reflect.Method.invoke(Method.java:498)[0m
[0m[[0m[31merror[0m] [0m[0m	at sbt.Run.invokeMain(Run.scala:143)[0m
[0m[[0m[31merror[0m] [0m[0m	at sbt.Run.execute$1(Run.scala:93)[0m
[0m[[0m[31merror[0m] [0m[0m	at sbt.Run.$anonfun$runWithLoader$5(Run.scala:120)[0m
[0m[[0m[31merror[0m] [0m[0m	at sbt.Run$.executeSuccess(Run.scala:186)[0m
[0m[[0m[31merror[0m] [0m[0m	at sbt.Run.runWithLoader(Run.scala:120)[0m
[0m[[0m[31merror[0m] [0m[0m	at sbt.Defaults$.$anonfun$bgRunTask$6(Defaults.scala:1983)[0m
[0m[[0m[31merror[0m] [0m[0m	at sbt.Defaults$.$anonfun$termWrapper$2(Defaults.scala:1922)[0m
[0m[[0m[31merror[0m] [0m[0m	at scala.runtime.java8.JFunction0$mcV$sp.apply(JFunction0$mcV$sp.java:23)[0m
[0m[[0m[31merror[0m] [0m[0m	at scala.util.Try$.apply(Try.scala:213)[0m
[0m[[0m[31merror[0m] [0m[0m	at sbt.internal.BackgroundThreadPool$BackgroundRunnable.run(DefaultBackgroundJobService.scala:369)[0m
[0m[[0m[31merror[0m] [0m[0m	at java.util.concurrent.ThreadPoolExecutor.runWorker(ThreadPoolExecutor.java:1149)[0m
[0m[[0m[31merror[0m] [0m[0m	at java.util.concurrent.ThreadPoolExecutor$Worker.run(ThreadPoolExecutor.java:624)[0m
[0m[[0m[31merror[0m] [0m[0m	at java.lang.Thread.run(Thread.java:748)[0m
[0m[[0m[31merror[0m] [0m[0m(Compile / [31mrun[0m) java.lang.IllegalArgumentException: Unknown BankEvent type: 2022 12 14 17 3 N 8601851539 Nils[0m
[0m[[0m[31merror[0m] [0m[0mTotal time: 1 s, completed Dec 14, 2022 5:07:50 PM[0m
[0m[[0m[0mdebug[0m] [0m[0m> Exec(shell, None, None)[0m
