[0m[[0m[0mdebug[0m] [0m[0m> Exec(run, Some(60b98923-5c9f-47d4-9c27-0e23d9cd5b5d), Some(CommandSource(console0)))[0m
[0m[[0m[0mdebug[0m] [0m[0mEvaluating tasks: Compile / run[0m
[0m[[0m[0mdebug[0m] [0m[0mRunning task... Cancel: Signal, check cycles: false, forcegc: true[0m
[0m[[0m[0minfo[0m] [0m[0mcompiling 1 Scala source to C:\Users\nilsr\pgk\bank\target\scala-3.1.2\classes ...[0m
[0m[[0m[31merror[0m] [0m[0mjava.lang.NumberFormatException: For input string: ""[0m
[0m[[0m[31merror[0m] [0m[0m	at java.lang.NumberFormatException.forInputString(NumberFormatException.java:65)[0m
[0m[[0m[31merror[0m] [0m[0m	at java.lang.Integer.parseInt(Integer.java:592)[0m
[0m[[0m[31merror[0m] [0m[0m	at java.lang.Integer.parseInt(Integer.java:615)[0m
[0m[[0m[31merror[0m] [0m[0m	at scala.io.StdIn.readInt(StdIn.scala:122)[0m
[0m[[0m[31merror[0m] [0m[0m	at scala.io.StdIn.readInt$(StdIn.scala:117)[0m
[0m[[0m[31merror[0m] [0m[0m	at scala.io.StdIn$.readInt(StdIn.scala:241)[0m
[0m[[0m[31merror[0m] [0m[0m	at bank.BankApplication$.main(BankApplication.scala:24)[0m
[0m[[0m[31merror[0m] [0m[0m	at bank.BankApplication.main(BankApplication.scala)[0m
[0m[[0m[31merror[0m] [0m[0m	at sun.reflect.NativeMethodAccessorImpl.invoke0(Native Method)[0m
[0m[[0m[31merror[0m] [0m[0m	at sun.reflect.NativeMethodAccessorImpl.invoke(NativeMethodAccessorImpl.java:62)[0m
[0m[[0m[31merror[0m] [0m[0m	at sun.reflect.DelegatingMethodAccessorImpl.invoke(DelegatingMethodAccessorImpl.java:43)[0m
[0m[[0m[31merror[0m] [0m[0m	at java.lang.reflect.Method.invoke(Method.java:498)[0m
[0m[[0m[31merror[0m] [0m[0m	at sbt.Run.invokeMain(Run.scala:143)[0m
[0m[[0m[31merror[0m] [0m[0m	at sbt.Run.execute$1(Run.scala:93)[0m
[0m[[0m[31merror[0m] [0m[0m	at sbt.Run.$anonfun$runWithLoader$5(Run.scala:120)[0m
[0m[[0m[31merror[0m] [0m[0m	at sbt.Run$.executeSuccess(Run.scala:186)[0m
[0m[[0m[31merror[0m] [0m[0m	at sbt.Run.runWithLoader(Run.scala:120)[0m
[0m[[0m[31merror[0m] [0m[0m	at sbt.Defaults$.$anonfun$bgRunTask$6(Defaults.scala:1983)[0m
[0m[[0m[31merror[0m] [0m[0m	at sbt.Defaults$.$anonfun$termWrapper$2(Defaults.scala:1922)[0m
[0m[[0m[31merror[0m] [0m[0m	at scala.runtime.java8.JFunction0$mcV$sp.apply(JFunction0$mcV$sp.java:23)[0m
[0m[[0m[31merror[0m] [0m[0m	at scala.util.Try$.apply(Try.scala:213)[0m
[0m[[0m[31merror[0m] [0m[0m	at sbt.internal.BackgroundThreadPool$BackgroundRunnable.run(DefaultBackgroundJobService.scala:369)[0m
[0m[[0m[31merror[0m] [0m[0m	at java.util.concurrent.ThreadPoolExecutor.runWorker(ThreadPoolExecutor.java:1149)[0m
[0m[[0m[31merror[0m] [0m[0m	at java.util.concurrent.ThreadPoolExecutor$Worker.run(ThreadPoolExecutor.java:624)[0m
[0m[[0m[31merror[0m] [0m[0m	at java.lang.Thread.run(Thread.java:748)[0m
[0m[[0m[31merror[0m] [0m[0m(Compile / [31mrun[0m) java.lang.NumberFormatException: For input string: ""[0m
[0m[[0m[31merror[0m] [0m[0mTotal time: 1 s, completed Dec 15, 2022 11:30:49 AM[0m
[0m[[0m[0mdebug[0m] [0m[0m> Exec(shell, None, None)[0m
